<?xml version="1.0" encoding="UTF-8"?>
<!-- Generated by org.testng.reporters.JUnitXMLReporter -->
<testsuite hostname="LNAR-5CG03294K4" ignored="0" name="Default test" tests="3" failures="0" timestamp="2021-03-10T23:04:01 PST" time="4.425" errors="0">
  <testcase name="setBaseURI" time="2.933" classname="restAssuredBasicCodeBase.Get"/>
  <testcase name="verifyStatusCode" time="0.949" classname="restAssuredBasicCodeBase.Get"/>
  <testcase name="getDetails" time="0.482" classname="restAssuredBasicCodeBase.Get"/>
</testsuite> <!-- Default test -->
