<?xml version="1.0" encoding="UTF-8"?>
<!-- Generated by org.testng.reporters.JUnitXMLReporter -->
<testsuite hostname="LNAR-5CG03294K4" ignored="0" name="Test" tests="3" failures="1" timestamp="2021-03-10T23:49:15 PST" time="17.145" errors="0">
  <testcase name="setBaseURI" time="0.887" classname="restAssuredBasicCodeBase.Delete"/>
  <testcase name="delete" time="15.587" classname="restAssuredBasicCodeBase.Delete"/>
  <testcase name="verifyStatusCode" time="0.572" classname="restAssuredBasicCodeBase.Delete">
    <failure type="java.lang.ClassCastException" message="java.lang.String cannot be cast to java.util.List">
      <![CDATA[java.lang.ClassCastException: java.lang.String cannot be cast to java.util.List
at io.restassured.path.json.JsonPath.getList(JsonPath.java:375)
at restAssuredBasicCodeBase.Delete.verifyStatusCode(Delete.java:33)
at java.util.ArrayList.forEach(Unknown Source)
... Removed 27 stack frames]]>
    </failure>
  </testcase> <!-- verifyStatusCode -->
</testsuite> <!-- Test -->
