<?xml version="1.0" encoding="UTF-8"?>
<testng-results skipped="0" failed="1" ignored="0" total="3" passed="2">
  <reporter-output>
  </reporter-output>
  <suite name="Suite" duration-ms="17145" started-at="2021-03-10T23:48:58 PST" finished-at="2021-03-10T23:49:15 PST">
    <groups>
    </groups>
    <test name="Test" duration-ms="17145" started-at="2021-03-10T23:48:58 PST" finished-at="2021-03-10T23:49:15 PST">
      <class name="restAssuredBasicCodeBase.Delete">
        <test-method status="PASS" signature="setBaseURI(java.lang.String, java.lang.String)[pri:1, instance:restAssuredBasicCodeBase.Delete@3c41ed1d]" name="setBaseURI" duration-ms="887" started-at="2021-03-10T23:48:58 PST" finished-at="2021-03-10T23:48:59 PST">
          <params>
            <param index="0">
              <value>
                <![CDATA[http://dummy.restapiexample.com/api/v1/delete/]]>
              </value>
            </param>
            <param index="1">
              <value>
                <![CDATA[2]]>
              </value>
            </param>
          </params>
          <reporter-output>
          </reporter-output>
        </test-method> <!-- setBaseURI -->
        <test-method status="PASS" signature="delete(java.lang.String)[pri:0, instance:restAssuredBasicCodeBase.Delete@3c41ed1d]" name="delete" duration-ms="15587" started-at="2021-03-10T23:48:59 PST" depends-on-methods="restAssuredBasicCodeBase.Delete.setBaseURI" finished-at="2021-03-10T23:49:15 PST">
          <params>
            <param index="0">
              <value>
                <![CDATA[2]]>
              </value>
            </param>
          </params>
          <reporter-output>
          </reporter-output>
        </test-method> <!-- delete -->
        <test-method status="FAIL" signature="verifyStatusCode()[pri:0, instance:restAssuredBasicCodeBase.Delete@3c41ed1d]" name="verifyStatusCode" duration-ms="572" started-at="2021-03-10T23:49:15 PST" depends-on-methods="restAssuredBasicCodeBase.Delete.delete" finished-at="2021-03-10T23:49:15 PST">
          <exception class="java.lang.ClassCastException">
            <message>
              <![CDATA[java.lang.String cannot be cast to java.util.List]]>
            </message>
            <full-stacktrace>
              <![CDATA[java.lang.ClassCastException: java.lang.String cannot be cast to java.util.List
at io.restassured.path.json.JsonPath.getList(JsonPath.java:375)
at restAssuredBasicCodeBase.Delete.verifyStatusCode(Delete.java:33)
at sun.reflect.NativeMethodAccessorImpl.invoke0(Native Method)
at sun.reflect.NativeMethodAccessorImpl.invoke(Unknown Source)
at sun.reflect.DelegatingMethodAccessorImpl.invoke(Unknown Source)
at java.lang.reflect.Method.invoke(Unknown Source)
at org.testng.internal.MethodInvocationHelper.invokeMethod(MethodInvocationHelper.java:132)
at org.testng.internal.TestInvoker.invokeMethod(TestInvoker.java:599)
at org.testng.internal.TestInvoker.invokeTestMethod(TestInvoker.java:174)
at org.testng.internal.MethodRunner.runInSequence(MethodRunner.java:46)
at org.testng.internal.TestInvoker$MethodInvocationAgent.invoke(TestInvoker.java:822)
at org.testng.internal.TestInvoker.invokeTestMethods(TestInvoker.java:147)
at org.testng.internal.TestMethodWorker.invokeTestMethods(TestMethodWorker.java:146)
at org.testng.internal.TestMethodWorker.run(TestMethodWorker.java:128)
at java.util.ArrayList.forEach(Unknown Source)
at org.testng.TestRunner.privateRun(TestRunner.java:764)
at org.testng.TestRunner.run(TestRunner.java:585)
at org.testng.SuiteRunner.runTest(SuiteRunner.java:384)
at org.testng.SuiteRunner.runSequentially(SuiteRunner.java:378)
at org.testng.SuiteRunner.privateRun(SuiteRunner.java:337)
at org.testng.SuiteRunner.run(SuiteRunner.java:286)
at org.testng.SuiteRunnerWorker.runSuite(SuiteRunnerWorker.java:53)
at org.testng.SuiteRunnerWorker.run(SuiteRunnerWorker.java:96)
at org.testng.TestNG.runSuitesSequentially(TestNG.java:1218)
at org.testng.TestNG.runSuitesLocally(TestNG.java:1140)
at org.testng.TestNG.runSuites(TestNG.java:1069)
at org.testng.TestNG.run(TestNG.java:1037)
at org.testng.remote.AbstractRemoteTestNG.run(AbstractRemoteTestNG.java:115)
at org.testng.remote.RemoteTestNG.initAndRun(RemoteTestNG.java:251)
at org.testng.remote.RemoteTestNG.main(RemoteTestNG.java:77)
]]>
            </full-stacktrace>
          </exception> <!-- java.lang.ClassCastException -->
          <reporter-output>
          </reporter-output>
        </test-method> <!-- verifyStatusCode -->
      </class> <!-- restAssuredBasicCodeBase.Delete -->
    </test> <!-- Test -->
  </suite> <!-- Suite -->
</testng-results>
